Build started 27.9.2012 9:20:42.
     1>Project "c:\Users\joonasjj\documents\visual studio 2010\Projects\DirectX\DirectX\DirectX.vcxproj" on node 2 (build target(s)).
     1>InitializeBuildStatus:
         Touching "Debug\DirectX.unsuccessfulbuild".
       ClCompile:
         C:\Program Files\Microsoft Visual Studio 10.0\VC\bin\CL.exe /c /ZI /nologo /W3 /WX- /Od /Oy- /D _MBCS /Gm /EHsc /RTC1 /MDd /GS /fp:precise /Zc:wchar_t /Zc:forScope /Fo"Debug\\" /Fd"Debug\vc100.pdb" /Gd /TP /analyze- /errorReport:prompt ..\..\..\..\..\Downloads\BlankWindow.cpp ..\..\..\..\..\Downloads\Dx11BaseClass.cpp ..\..\..\..\..\Downloads\main.cpp
         main.cpp
         Dx11BaseClass.cpp
         BlankWindow.cpp
         Generating Code...
       Link:
         C:\Program Files\Microsoft Visual Studio 10.0\VC\bin\link.exe /ERRORREPORT:PROMPT /OUT:"c:\users\joonasjj\documents\visual studio 2010\Projects\DirectX\Debug\DirectX.exe" /NOLOGO d3d11.lib d3dx11.lib dxerr.lib kernel32.lib user32.lib gdi32.lib winspool.lib comdlg32.lib advapi32.lib shell32.lib ole32.lib oleaut32.lib uuid.lib odbc32.lib odbccp32.lib /MANIFEST /ManifestFile:"Debug\DirectX.exe.intermediate.manifest" /MANIFESTUAC:"level='asInvoker' uiAccess='false'" /DEBUG /PDB:"c:\users\joonasjj\documents\visual studio 2010\Projects\DirectX\Debug\DirectX.pdb" /TLBID:1 /DYNAMICBASE /NXCOMPAT /IMPLIB:"c:\users\joonasjj\documents\visual studio 2010\Projects\DirectX\Debug\DirectX.lib" /MACHINE:X86 Debug\BlankWindow.obj
         Debug\Dx11BaseClass.obj
         Debug\main.obj
         DirectX.vcxproj -> c:\users\joonasjj\documents\visual studio 2010\Projects\DirectX\Debug\DirectX.exe
       Manifest:
         C:\Program Files\Microsoft SDKs\Windows\v7.0A\bin\mt.exe /nologo /verbose /outputresource:"c:\users\joonasjj\documents\visual studio 2010\Projects\DirectX\Debug\DirectX.exe;#1" /manifest Debug\DirectX.exe.intermediate.manifest
       FinalizeBuildStatus:
         Deleting file "Debug\DirectX.unsuccessfulbuild".
         Touching "Debug\DirectX.lastbuildstate".
     1>Done Building Project "c:\Users\joonasjj\documents\visual studio 2010\Projects\DirectX\DirectX\DirectX.vcxproj" (build target(s)).

Build succeeded.

Time Elapsed 00:00:05.66
